<?xml version="1.0" encoding="UTF-8"?>
<!-- Generated by org.testng.reporters.JUnitXMLReporter -->
<testsuite ignored="0" hostname="Digitals-MBP" failures="2" tests="4" name="iOSSimulator" time="29.934" errors="0" timestamp="2020-12-09T12:03:29 AST">
  <testcase classname="starter.testing.ExecutionEngine" name="scenario" time="5.912"/>
  <testcase classname="starter.testing.ExecutionEngine" name="scenario" time="4.365"/>
  <testcase classname="starter.testing.ExecutionEngine" name="scenario" time="5.393">
    <failure type="java.lang.AssertionError" message="
Expected: is &amp;quot;34&amp;quot;
     but: was &amp;quot;24&amp;quot;">
      <![CDATA[java.lang.AssertionError: 
Expected: is "34"
     but: was "24"
at org.hamcrest.MatcherAssert.assertThat(MatcherAssert.java:18)
at org.hamcrest.MatcherAssert.assertThat(MatcherAssert.java:6)
at starter.testing.core.util.actions.GenericUserActions.validateText(GenericUserActions.java:258)
at starter.testing.core.util.actions.GenericUserActions.validateText(GenericUserActions.java:253)
at starter.testing.tests.actions.ActionLandingPage.validateSum(ActionLandingPage.java:31)
at starter.testing.tests.stepdefs.StepDef_LandingPage.theSumIs(StepDef_LandingPage.java:31)
at ✽.The sum is "34"(file:///Users/sibusisoradebe/IdeaProjects/mobile-automation-framework/src/test/resources/features/ComputeSum.feature:10)
]]>
    </failure>
  </testcase> <!-- scenario -->
  <testcase classname="starter.testing.ExecutionEngine" name="scenario" time="1.184">
    <failure type="java.lang.AssertionError" message="
Expected: is &amp;quot;Welcome to NBK DVP&amp;quot;
     but: was &amp;quot;Welcome to\nNBK DVP&amp;quot;">
      <![CDATA[java.lang.AssertionError: 
Expected: is "Welcome to NBK DVP"
     but: was "Welcome to\nNBK DVP"
at org.hamcrest.MatcherAssert.assertThat(MatcherAssert.java:18)
at org.hamcrest.MatcherAssert.assertThat(MatcherAssert.java:6)
at starter.testing.core.util.actions.GenericUserActions.validateText(GenericUserActions.java:258)
at starter.testing.core.util.actions.GenericUserActions.validateText(GenericUserActions.java:253)
at starter.testing.tests.actions.ActionLandingPage.validatePageTitle(ActionLandingPage.java:35)
at starter.testing.tests.stepdefs.StepDef_LandingPage.theTitleReads(StepDef_LandingPage.java:45)
at ✽.The title reads "Welcome to NBK DVP"(file:///Users/sibusisoradebe/IdeaProjects/mobile-automation-framework/src/test/resources/features/ComputeSum.feature:18)
]]>
    </failure>
  </testcase> <!-- scenario -->
</testsuite> <!-- iOSSimulator -->
