<html>
<head>
<title>TestNG:  iOSSimulator</title>
<link href="../testng.css" rel="stylesheet" type="text/css" />
<link href="../my-testng.css" rel="stylesheet" type="text/css" />

<style type="text/css">
.log { display: none;} 
.stack-trace { display: none;} 
</style>
<script type="text/javascript">
<!--
function flip(e) {
  current = e.style.display;
  if (current == 'block') {
    e.style.display = 'none';
    return 0;
  }
  else {
    e.style.display = 'block';
    return 1;
  }
}

function toggleBox(szDivId, elem, msg1, msg2)
{
  var res = -1;  if (document.getElementById) {
    res = flip(document.getElementById(szDivId));
  }
  else if (document.all) {
    // this is the way old msie versions work
    res = flip(document.all[szDivId]);
  }
  if(elem) {
    if(res == 0) elem.innerHTML = msg1; else elem.innerHTML = msg2;
  }

}

function toggleAllBoxes() {
  if (document.getElementsByTagName) {
    d = document.getElementsByTagName('div');
    for (i = 0; i < d.length; i++) {
      if (d[i].className == 'log') {
        flip(d[i]);
      }
    }
  }
}

// -->
</script>

</head>
<body>
<h2 align='center'>iOSSimulator</h2><table border='1' align="center">
<tr>
<td>Tests passed/Failed/Skipped:</td><td>2/2/0</td>
</tr><tr>
<td>Started on:</td><td>Wed Dec 09 12:02:59 AST 2020</td>
</tr>
<tr><td>Total time:</td><td>29 seconds (29934 ms)</td>
</tr><tr>
<td>Included groups:</td><td></td>
</tr><tr>
<td>Excluded groups:</td><td></td>
</tr>
</table><p/>
<small><i>(Hover the method name to see the test class name)</i></small><p/>
<table width='100%' border='1' class='invocation-failed'>
<tr><td colspan='4' align='center'><b>FAILED TESTS</b></td></tr>
<tr><td><b>Test method</b></td>
<td width="30%"><b>Exception</b></td>
<td width="10%"><b>Time (seconds)</b></td>
<td><b>Instance</b></td>
</tr>
<tr>
<td title='starter.testing.ExecutionEngine.scenario()'><b>scenario</b><br>Test class: starter.testing.ExecutionEngine<br>Test method: Runs Cucumber Scenarios<br>Parameters: "The user adds two numbers and computes a sum", "Optional[Compute Sum]"</td>
<td><div><pre>java.lang.AssertionError: 
Expected: is &quot;34&quot;
     but: was &quot;24&quot;
	at org.hamcrest.MatcherAssert.assertThat(MatcherAssert.java:18)
	at org.hamcrest.MatcherAssert.assertThat(MatcherAssert.java:6)
	at starter.testing.core.util.actions.GenericUserActions.validateText(GenericUserActions.java:258)
	at starter.testing.core.util.actions.GenericUserActions.validateText(GenericUserActions.java:253)
	at starter.testing.tests.actions.ActionLandingPage.validateSum(ActionLandingPage.java:31)
	at starter.testing.tests.stepdefs.StepDef_LandingPage.theSumIs(StepDef_LandingPage.java:31)
	at ✽.The sum is &quot;34&quot;(file:///Users/sibusisoradebe/IdeaProjects/mobile-automation-framework/src/test/resources/features/ComputeSum.feature:10)
</pre></div><a href='#' onClick='toggleBox("stack-trace1852786543", this, "Click to show all stack frames", "Click to hide stack frames")'>Click to show all stack frames</a>
<div class='stack-trace' id='stack-trace1852786543'><pre>java.lang.AssertionError: 
Expected: is &quot;34&quot;
     but: was &quot;24&quot;
	at org.hamcrest.MatcherAssert.assertThat(MatcherAssert.java:18)
	at org.hamcrest.MatcherAssert.assertThat(MatcherAssert.java:6)
	at starter.testing.core.util.actions.GenericUserActions.validateText(GenericUserActions.java:258)
	at starter.testing.core.util.actions.GenericUserActions.validateText(GenericUserActions.java:253)
	at starter.testing.tests.actions.ActionLandingPage.validateSum(ActionLandingPage.java:31)
	at starter.testing.tests.stepdefs.StepDef_LandingPage.theSumIs(StepDef_LandingPage.java:31)
	at ✽.The sum is &quot;34&quot;(file:///Users/sibusisoradebe/IdeaProjects/mobile-automation-framework/src/test/resources/features/ComputeSum.feature:10)
</pre></div></td>
<td>5</td>
<td>starter.testing.ExecutionEngine@26bab2f1</td></tr>
<tr>
<td title='starter.testing.ExecutionEngine.scenario()'><b>scenario</b><br>Test class: starter.testing.ExecutionEngine<br>Test method: Runs Cucumber Scenarios<br>Parameters: "Verify page title is correct", "Optional[Compute Sum]"</td>
<td><div><pre>java.lang.AssertionError: 
Expected: is &quot;Welcome to NBK DVP&quot;
     but: was &quot;Welcome to\nNBK DVP&quot;
	at org.hamcrest.MatcherAssert.assertThat(MatcherAssert.java:18)
	at org.hamcrest.MatcherAssert.assertThat(MatcherAssert.java:6)
	at starter.testing.core.util.actions.GenericUserActions.validateText(GenericUserActions.java:258)
	at starter.testing.core.util.actions.GenericUserActions.validateText(GenericUserActions.java:253)
	at starter.testing.tests.actions.ActionLandingPage.validatePageTitle(ActionLandingPage.java:35)
	at starter.testing.tests.stepdefs.StepDef_LandingPage.theTitleReads(StepDef_LandingPage.java:45)
	at ✽.The title reads &quot;Welcome to NBK DVP&quot;(file:///Users/sibusisoradebe/IdeaProjects/mobile-automation-framework/src/test/resources/features/ComputeSum.feature:18)
</pre></div><a href='#' onClick='toggleBox("stack-trace894375446", this, "Click to show all stack frames", "Click to hide stack frames")'>Click to show all stack frames</a>
<div class='stack-trace' id='stack-trace894375446'><pre>java.lang.AssertionError: 
Expected: is &quot;Welcome to NBK DVP&quot;
     but: was &quot;Welcome to\nNBK DVP&quot;
	at org.hamcrest.MatcherAssert.assertThat(MatcherAssert.java:18)
	at org.hamcrest.MatcherAssert.assertThat(MatcherAssert.java:6)
	at starter.testing.core.util.actions.GenericUserActions.validateText(GenericUserActions.java:258)
	at starter.testing.core.util.actions.GenericUserActions.validateText(GenericUserActions.java:253)
	at starter.testing.tests.actions.ActionLandingPage.validatePageTitle(ActionLandingPage.java:35)
	at starter.testing.tests.stepdefs.StepDef_LandingPage.theTitleReads(StepDef_LandingPage.java:45)
	at ✽.The title reads &quot;Welcome to NBK DVP&quot;(file:///Users/sibusisoradebe/IdeaProjects/mobile-automation-framework/src/test/resources/features/ComputeSum.feature:18)
</pre></div></td>
<td>1</td>
<td>starter.testing.ExecutionEngine@26bab2f1</td></tr>
</table><p>
<table width='100%' border='1' class='invocation-passed'>
<tr><td colspan='4' align='center'><b>PASSED TESTS</b></td></tr>
<tr><td><b>Test method</b></td>
<td width="30%"><b>Exception</b></td>
<td width="10%"><b>Time (seconds)</b></td>
<td><b>Instance</b></td>
</tr>
<tr>
<td title='starter.testing.ExecutionEngine.scenario()'><b>scenario</b><br>Test class: starter.testing.ExecutionEngine<br>Test method: Runs Cucumber Scenarios<br>Parameters: "The user adds two numbers and computes a sum", "Optional[Compute Sum]"</td>
<td></td>
<td>5</td>
<td>starter.testing.ExecutionEngine@26bab2f1</td></tr>
<tr>
<td title='starter.testing.ExecutionEngine.scenario()'><b>scenario</b><br>Test class: starter.testing.ExecutionEngine<br>Test method: Runs Cucumber Scenarios<br>Parameters: "The user adds two numbers and computes a sum", "Optional[Compute Sum]"</td>
<td></td>
<td>4</td>
<td>starter.testing.ExecutionEngine@26bab2f1</td></tr>
</table><p>
</body>
</html>