<?xml version="1.0" encoding="UTF-8"?>
<testsuite xmlns:xsi="http://www.w3.org/2001/XMLSchema-instance" xsi:noNamespaceSchemaLocation="https://maven.apache.org/surefire/maven-surefire-plugin/xsd/surefire-test-report-3.0.xsd" version="3.0" name="TestSuite" time="33.869" tests="4" errors="0" skipped="0" failures="2">
  <properties>
    <property name="java.specification.version" value="13"/>
    <property name="sun.jnu.encoding" value="UTF-8"/>
    <property name="java.class.path" value="/Users/sibusisoradebe/IdeaProjects/mobile-automation-framework/target/test-classes:/Users/sibusisoradebe/IdeaProjects/mobile-automation-framework/target/classes:/Users/sibusisoradebe/.m2/repository/io/appium/java-client/7.2.0/java-client-7.2.0.jar:/Users/sibusisoradebe/.m2/repository/org/seleniumhq/selenium/selenium-java/3.141.59/selenium-java-3.141.59.jar:/Users/sibusisoradebe/.m2/repository/org/seleniumhq/selenium/selenium-chrome-driver/3.141.59/selenium-chrome-driver-3.141.59.jar:/Users/sibusisoradebe/.m2/repository/org/seleniumhq/selenium/selenium-edge-driver/3.141.59/selenium-edge-driver-3.141.59.jar:/Users/sibusisoradebe/.m2/repository/org/seleniumhq/selenium/selenium-firefox-driver/3.141.59/selenium-firefox-driver-3.141.59.jar:/Users/sibusisoradebe/.m2/repository/org/seleniumhq/selenium/selenium-ie-driver/3.141.59/selenium-ie-driver-3.141.59.jar:/Users/sibusisoradebe/.m2/repository/org/seleniumhq/selenium/selenium-opera-driver/3.141.59/selenium-opera-driver-3.141.59.jar:/Users/sibusisoradebe/.m2/repository/org/seleniumhq/selenium/selenium-remote-driver/3.141.59/selenium-remote-driver-3.141.59.jar:/Users/sibusisoradebe/.m2/repository/org/seleniumhq/selenium/selenium-safari-driver/3.141.59/selenium-safari-driver-3.141.59.jar:/Users/sibusisoradebe/.m2/repository/net/bytebuddy/byte-buddy/1.8.15/byte-buddy-1.8.15.jar:/Users/sibusisoradebe/.m2/repository/org/apache/commons/commons-exec/1.3/commons-exec-1.3.jar:/Users/sibusisoradebe/.m2/repository/com/google/guava/guava/25.0-jre/guava-25.0-jre.jar:/Users/sibusisoradebe/.m2/repository/com/google/code/findbugs/jsr305/1.3.9/jsr305-1.3.9.jar:/Users/sibusisoradebe/.m2/repository/org/checkerframework/checker-compat-qual/2.0.0/checker-compat-qual-2.0.0.jar:/Users/sibusisoradebe/.m2/repository/com/google/errorprone/error_prone_annotations/2.1.3/error_prone_annotations-2.1.3.jar:/Users/sibusisoradebe/.m2/repository/com/google/j2objc/j2objc-annotations/1.1/j2objc-annotations-1.1.jar:/Users/sibusisoradebe/.m2/repository/org/codehaus/mojo/animal-sniffer-annotations/1.14/animal-sniffer-annotations-1.14.jar:/Users/sibusisoradebe/.m2/repository/com/squareup/okhttp3/okhttp/3.11.0/okhttp-3.11.0.jar:/Users/sibusisoradebe/.m2/repository/com/squareup/okio/okio/1.14.0/okio-1.14.0.jar:/Users/sibusisoradebe/.m2/repository/org/seleniumhq/selenium/selenium-support/3.141.59/selenium-support-3.141.59.jar:/Users/sibusisoradebe/.m2/repository/org/seleniumhq/selenium/selenium-api/3.141.59/selenium-api-3.141.59.jar:/Users/sibusisoradebe/.m2/repository/com/google/code/gson/gson/2.8.5/gson-2.8.5.jar:/Users/sibusisoradebe/.m2/repository/org/apache/httpcomponents/httpclient/4.5.9/httpclient-4.5.9.jar:/Users/sibusisoradebe/.m2/repository/org/apache/httpcomponents/httpcore/4.4.11/httpcore-4.4.11.jar:/Users/sibusisoradebe/.m2/repository/commons-logging/commons-logging/1.2/commons-logging-1.2.jar:/Users/sibusisoradebe/.m2/repository/commons-codec/commons-codec/1.11/commons-codec-1.11.jar:/Users/sibusisoradebe/.m2/repository/cglib/cglib/3.2.12/cglib-3.2.12.jar:/Users/sibusisoradebe/.m2/repository/org/ow2/asm/asm/7.1/asm-7.1.jar:/Users/sibusisoradebe/.m2/repository/commons-validator/commons-validator/1.6/commons-validator-1.6.jar:/Users/sibusisoradebe/.m2/repository/commons-beanutils/commons-beanutils/1.9.2/commons-beanutils-1.9.2.jar:/Users/sibusisoradebe/.m2/repository/commons-digester/commons-digester/1.8.1/commons-digester-1.8.1.jar:/Users/sibusisoradebe/.m2/repository/commons-collections/commons-collections/3.2.2/commons-collections-3.2.2.jar:/Users/sibusisoradebe/.m2/repository/org/apache/commons/commons-lang3/3.9/commons-lang3-3.9.jar:/Users/sibusisoradebe/.m2/repository/commons-io/commons-io/2.6/commons-io-2.6.jar:/Users/sibusisoradebe/.m2/repository/org/aspectj/aspectjweaver/1.9.4/aspectjweaver-1.9.4.jar:/Users/sibusisoradebe/.m2/repository/org/slf4j/slf4j-api/1.7.26/slf4j-api-1.7.26.jar:/Users/sibusisoradebe/.m2/repository/io/cucumber/cucumber-core/6.8.1/cucumber-core-6.8.1.jar:/Users/sibusisoradebe/.m2/repository/io/cucumber/cucumber-gherkin/6.8.1/cucumber-gherkin-6.8.1.jar:/Users/sibusisoradebe/.m2/repository/io/cucumber/cucumber-gherkin-messages/6.8.1/cucumber-gherkin-messages-6.8.1.jar:/Users/sibusisoradebe/.m2/repository/io/cucumber/messages/13.1.0/messages-13.1.0.jar:/Users/sibusisoradebe/.m2/repository/io/cucumber/tag-expressions/3.0.0/tag-expressions-3.0.0.jar:/Users/sibusisoradebe/.m2/repository/io/cucumber/cucumber-expressions/10.3.0/cucumber-expressions-10.3.0.jar:/Users/sibusisoradebe/.m2/repository/io/cucumber/datatable/3.5.0/datatable-3.5.0.jar:/Users/sibusisoradebe/.m2/repository/io/cucumber/cucumber-plugin/6.8.1/cucumber-plugin-6.8.1.jar:/Users/sibusisoradebe/.m2/repository/io/cucumber/docstring/6.8.1/docstring-6.8.1.jar:/Users/sibusisoradebe/.m2/repository/io/cucumber/html-formatter/9.0.0/html-formatter-9.0.0.jar:/Users/sibusisoradebe/.m2/repository/io/cucumber/create-meta/2.0.2/create-meta-2.0.2.jar:/Users/sibusisoradebe/.m2/repository/org/apiguardian/apiguardian-api/1.1.0/apiguardian-api-1.1.0.jar:/Users/sibusisoradebe/.m2/repository/io/cucumber/cucumber-java/6.8.1/cucumber-java-6.8.1.jar:/Users/sibusisoradebe/.m2/repository/io/cucumber/cucumber-testng/6.8.1/cucumber-testng-6.8.1.jar:/Users/sibusisoradebe/.m2/repository/org/testng/testng/7.3.0/testng-7.3.0.jar:/Users/sibusisoradebe/.m2/repository/com/beust/jcommander/1.78/jcommander-1.78.jar:/Users/sibusisoradebe/.m2/repository/org/apache/ant/ant/1.10.3/ant-1.10.3.jar:/Users/sibusisoradebe/.m2/repository/org/apache/ant/ant-launcher/1.10.3/ant-launcher-1.10.3.jar:/Users/sibusisoradebe/.m2/repository/junit/junit/4.12/junit-4.12.jar:/Users/sibusisoradebe/.m2/repository/com/google/inject/guice/4.2.2/guice-4.2.2-no_aop.jar:/Users/sibusisoradebe/.m2/repository/aopalliance/aopalliance/1.0/aopalliance-1.0.jar:/Users/sibusisoradebe/.m2/repository/org/yaml/snakeyaml/1.21/snakeyaml-1.21.jar:/Users/sibusisoradebe/.m2/repository/org/hamcrest/java-hamcrest/2.0.0.0/java-hamcrest-2.0.0.0.jar:/Users/sibusisoradebe/.m2/repository/org/hamcrest/hamcrest-core/2.1/hamcrest-core-2.1.jar:/Users/sibusisoradebe/.m2/repository/org/hamcrest/hamcrest/2.1/hamcrest-2.1.jar:/Users/sibusisoradebe/.m2/repository/org/aeonbits/owner/owner/1.0.10/owner-1.0.10.jar:/Users/sibusisoradebe/.m2/repository/org/springframework/spring-core/5.2.9.RELEASE/spring-core-5.2.9.RELEASE.jar:/Users/sibusisoradebe/.m2/repository/org/springframework/spring-jcl/5.2.9.RELEASE/spring-jcl-5.2.9.RELEASE.jar:/Users/sibusisoradebe/.m2/repository/org/springframework/spring-context/5.2.9.RELEASE/spring-context-5.2.9.RELEASE.jar:/Users/sibusisoradebe/.m2/repository/org/springframework/spring-aop/5.2.9.RELEASE/spring-aop-5.2.9.RELEASE.jar:/Users/sibusisoradebe/.m2/repository/org/springframework/spring-beans/5.2.9.RELEASE/spring-beans-5.2.9.RELEASE.jar:/Users/sibusisoradebe/.m2/repository/org/springframework/spring-expression/5.2.9.RELEASE/spring-expression-5.2.9.RELEASE.jar:/Users/sibusisoradebe/.m2/repository/org/springframework/spring-test/5.2.9.RELEASE/spring-test-5.2.9.RELEASE.jar:/Users/sibusisoradebe/.m2/repository/org/springframework/spring-tx/5.2.9.RELEASE/spring-tx-5.2.9.RELEASE.jar:/Users/sibusisoradebe/.m2/repository/org/springframework/boot/spring-boot-autoconfigure/2.3.4.RELEASE/spring-boot-autoconfigure-2.3.4.RELEASE.jar:/Users/sibusisoradebe/.m2/repository/org/springframework/boot/spring-boot/2.3.4.RELEASE/spring-boot-2.3.4.RELEASE.jar:/Users/sibusisoradebe/.m2/repository/org/springframework/boot/spring-boot-starter-web/2.3.4.RELEASE/spring-boot-starter-web-2.3.4.RELEASE.jar:/Users/sibusisoradebe/.m2/repository/org/springframework/boot/spring-boot-starter/2.3.4.RELEASE/spring-boot-starter-2.3.4.RELEASE.jar:/Users/sibusisoradebe/.m2/repository/org/springframework/boot/spring-boot-starter-logging/2.3.4.RELEASE/spring-boot-starter-logging-2.3.4.RELEASE.jar:/Users/sibusisoradebe/.m2/repository/org/apache/logging/log4j/log4j-to-slf4j/2.13.3/log4j-to-slf4j-2.13.3.jar:/Users/sibusisoradebe/.m2/repository/org/apache/logging/log4j/log4j-api/2.13.3/log4j-api-2.13.3.jar:/Users/sibusisoradebe/.m2/repository/org/slf4j/jul-to-slf4j/1.7.30/jul-to-slf4j-1.7.30.jar:/Users/sibusisoradebe/.m2/repository/jakarta/annotation/jakarta.annotation-api/1.3.5/jakarta.annotation-api-1.3.5.jar:/Users/sibusisoradebe/.m2/repository/org/springframework/boot/spring-boot-starter-json/2.3.4.RELEASE/spring-boot-starter-json-2.3.4.RELEASE.jar:/Users/sibusisoradebe/.m2/repository/com/fasterxml/jackson/datatype/jackson-datatype-jdk8/2.11.2/jackson-datatype-jdk8-2.11.2.jar:/Users/sibusisoradebe/.m2/repository/com/fasterxml/jackson/datatype/jackson-datatype-jsr310/2.11.2/jackson-datatype-jsr310-2.11.2.jar:/Users/sibusisoradebe/.m2/repository/com/fasterxml/jackson/module/jackson-module-parameter-names/2.11.2/jackson-module-parameter-names-2.11.2.jar:/Users/sibusisoradebe/.m2/repository/org/springframework/boot/spring-boot-starter-tomcat/2.3.4.RELEASE/spring-boot-starter-tomcat-2.3.4.RELEASE.jar:/Users/sibusisoradebe/.m2/repository/org/apache/tomcat/embed/tomcat-embed-core/9.0.38/tomcat-embed-core-9.0.38.jar:/Users/sibusisoradebe/.m2/repository/org/glassfish/jakarta.el/3.0.3/jakarta.el-3.0.3.jar:/Users/sibusisoradebe/.m2/repository/org/apache/tomcat/embed/tomcat-embed-websocket/9.0.38/tomcat-embed-websocket-9.0.38.jar:/Users/sibusisoradebe/.m2/repository/org/springframework/spring-web/5.2.9.RELEASE/spring-web-5.2.9.RELEASE.jar:/Users/sibusisoradebe/.m2/repository/org/springframework/spring-webmvc/5.2.9.RELEASE/spring-webmvc-5.2.9.RELEASE.jar:/Users/sibusisoradebe/.m2/repository/javax/inject/javax.inject/1/javax.inject-1.jar:/Users/sibusisoradebe/.m2/repository/net/masterthought/cucumber-reporting/4.6.0/cucumber-reporting-4.6.0.jar:/Users/sibusisoradebe/.m2/repository/com/fasterxml/jackson/core/jackson-databind/2.9.8/jackson-databind-2.9.8.jar:/Users/sibusisoradebe/.m2/repository/com/fasterxml/jackson/core/jackson-annotations/2.9.0/jackson-annotations-2.9.0.jar:/Users/sibusisoradebe/.m2/repository/com/fasterxml/jackson/core/jackson-core/2.9.8/jackson-core-2.9.8.jar:/Users/sibusisoradebe/.m2/repository/org/apache/velocity/velocity/1.7/velocity-1.7.jar:/Users/sibusisoradebe/.m2/repository/commons-lang/commons-lang/2.4/commons-lang-2.4.jar:/Users/sibusisoradebe/.m2/repository/velocity-tools/velocity-tools/1.4/velocity-tools-1.4.jar:/Users/sibusisoradebe/.m2/repository/joda-time/joda-time/2.10.1/joda-time-2.10.1.jar:/Users/sibusisoradebe/.m2/repository/org/codehaus/plexus/plexus-utils/3.1.1/plexus-utils-3.1.1.jar:/Users/sibusisoradebe/.m2/repository/org/jsoup/jsoup/1.11.3/jsoup-1.11.3.jar:/Users/sibusisoradebe/.m2/repository/com/googlecode/owasp-java-html-sanitizer/owasp-java-html-sanitizer/20190325.1/owasp-java-html-sanitizer-20190325.1.jar:/Users/sibusisoradebe/.m2/repository/commons-configuration/commons-configuration/1.10/commons-configuration-1.10.jar:/Users/sibusisoradebe/.m2/repository/com/aventstack/extentreports-cucumber4-adapter/1.0.10/extentreports-cucumber4-adapter-1.0.10.jar:/Users/sibusisoradebe/.m2/repository/com/aventstack/extentreports/4.1.3/extentreports-4.1.3.jar:/Users/sibusisoradebe/.m2/repository/org/freemarker/freemarker/2.3.29/freemarker-2.3.29.jar:/Users/sibusisoradebe/.m2/repository/org/apache/httpcomponents/httpmime/4.5.2/httpmime-4.5.2.jar:/Users/sibusisoradebe/.m2/repository/org/mongodb/bson/3.12.0/bson-3.12.0.jar:/Users/sibusisoradebe/.m2/repository/com/aventstack/klov-reporter/5.0.0/klov-reporter-5.0.0.jar:/Users/sibusisoradebe/.m2/repository/ch/qos/logback/logback-classic/1.0.13/logback-classic-1.0.13.jar:/Users/sibusisoradebe/.m2/repository/ch/qos/logback/logback-core/1.0.13/logback-core-1.0.13.jar:/Users/sibusisoradebe/.m2/repository/org/mongodb/mongodb-driver/3.10.1/mongodb-driver-3.10.1.jar:/Users/sibusisoradebe/.m2/repository/org/mongodb/mongodb-driver-core/3.10.1/mongodb-driver-core-3.10.1.jar:"/>
    <property name="java.vm.vendor" value="Oracle Corporation"/>
    <property name="sun.arch.data.model" value="64"/>
    <property name="java.vendor.url" value="https://java.oracle.com/"/>
    <property name="user.timezone" value="Asia/Kuwait"/>
    <property name="os.name" value="Mac OS X"/>
    <property name="java.vm.specification.version" value="13"/>
    <property name="sun.java.launcher" value="SUN_STANDARD"/>
    <property name="user.country" value="KW"/>
    <property name="sun.boot.library.path" value="/Library/Java/JavaVirtualMachines/jdk-13.0.2.jdk/Contents/Home/lib"/>
    <property name="sun.java.command" value="/Users/sibusisoradebe/IdeaProjects/mobile-automation-framework/target/surefire/surefirebooter8615420486632742334.jar /Users/sibusisoradebe/IdeaProjects/mobile-automation-framework/target/surefire 2020-12-09T12-02-54_830-jvmRun1 surefire15225285999164082127tmp surefire_04516270264247433773tmp"/>
    <property name="http.nonProxyHosts" value="local|*.local|169.254/16|*.169.254/16"/>
    <property name="jdk.debug" value="release"/>
    <property name="surefire.test.class.path" value="/Users/sibusisoradebe/IdeaProjects/mobile-automation-framework/target/test-classes:/Users/sibusisoradebe/IdeaProjects/mobile-automation-framework/target/classes:/Users/sibusisoradebe/.m2/repository/io/appium/java-client/7.2.0/java-client-7.2.0.jar:/Users/sibusisoradebe/.m2/repository/org/seleniumhq/selenium/selenium-java/3.141.59/selenium-java-3.141.59.jar:/Users/sibusisoradebe/.m2/repository/org/seleniumhq/selenium/selenium-chrome-driver/3.141.59/selenium-chrome-driver-3.141.59.jar:/Users/sibusisoradebe/.m2/repository/org/seleniumhq/selenium/selenium-edge-driver/3.141.59/selenium-edge-driver-3.141.59.jar:/Users/sibusisoradebe/.m2/repository/org/seleniumhq/selenium/selenium-firefox-driver/3.141.59/selenium-firefox-driver-3.141.59.jar:/Users/sibusisoradebe/.m2/repository/org/seleniumhq/selenium/selenium-ie-driver/3.141.59/selenium-ie-driver-3.141.59.jar:/Users/sibusisoradebe/.m2/repository/org/seleniumhq/selenium/selenium-opera-driver/3.141.59/selenium-opera-driver-3.141.59.jar:/Users/sibusisoradebe/.m2/repository/org/seleniumhq/selenium/selenium-remote-driver/3.141.59/selenium-remote-driver-3.141.59.jar:/Users/sibusisoradebe/.m2/repository/org/seleniumhq/selenium/selenium-safari-driver/3.141.59/selenium-safari-driver-3.141.59.jar:/Users/sibusisoradebe/.m2/repository/net/bytebuddy/byte-buddy/1.8.15/byte-buddy-1.8.15.jar:/Users/sibusisoradebe/.m2/repository/org/apache/commons/commons-exec/1.3/commons-exec-1.3.jar:/Users/sibusisoradebe/.m2/repository/com/google/guava/guava/25.0-jre/guava-25.0-jre.jar:/Users/sibusisoradebe/.m2/repository/com/google/code/findbugs/jsr305/1.3.9/jsr305-1.3.9.jar:/Users/sibusisoradebe/.m2/repository/org/checkerframework/checker-compat-qual/2.0.0/checker-compat-qual-2.0.0.jar:/Users/sibusisoradebe/.m2/repository/com/google/errorprone/error_prone_annotations/2.1.3/error_prone_annotations-2.1.3.jar:/Users/sibusisoradebe/.m2/repository/com/google/j2objc/j2objc-annotations/1.1/j2objc-annotations-1.1.jar:/Users/sibusisoradebe/.m2/repository/org/codehaus/mojo/animal-sniffer-annotations/1.14/animal-sniffer-annotations-1.14.jar:/Users/sibusisoradebe/.m2/repository/com/squareup/okhttp3/okhttp/3.11.0/okhttp-3.11.0.jar:/Users/sibusisoradebe/.m2/repository/com/squareup/okio/okio/1.14.0/okio-1.14.0.jar:/Users/sibusisoradebe/.m2/repository/org/seleniumhq/selenium/selenium-support/3.141.59/selenium-support-3.141.59.jar:/Users/sibusisoradebe/.m2/repository/org/seleniumhq/selenium/selenium-api/3.141.59/selenium-api-3.141.59.jar:/Users/sibusisoradebe/.m2/repository/com/google/code/gson/gson/2.8.5/gson-2.8.5.jar:/Users/sibusisoradebe/.m2/repository/org/apache/httpcomponents/httpclient/4.5.9/httpclient-4.5.9.jar:/Users/sibusisoradebe/.m2/repository/org/apache/httpcomponents/httpcore/4.4.11/httpcore-4.4.11.jar:/Users/sibusisoradebe/.m2/repository/commons-logging/commons-logging/1.2/commons-logging-1.2.jar:/Users/sibusisoradebe/.m2/repository/commons-codec/commons-codec/1.11/commons-codec-1.11.jar:/Users/sibusisoradebe/.m2/repository/cglib/cglib/3.2.12/cglib-3.2.12.jar:/Users/sibusisoradebe/.m2/repository/org/ow2/asm/asm/7.1/asm-7.1.jar:/Users/sibusisoradebe/.m2/repository/commons-validator/commons-validator/1.6/commons-validator-1.6.jar:/Users/sibusisoradebe/.m2/repository/commons-beanutils/commons-beanutils/1.9.2/commons-beanutils-1.9.2.jar:/Users/sibusisoradebe/.m2/repository/commons-digester/commons-digester/1.8.1/commons-digester-1.8.1.jar:/Users/sibusisoradebe/.m2/repository/commons-collections/commons-collections/3.2.2/commons-collections-3.2.2.jar:/Users/sibusisoradebe/.m2/repository/org/apache/commons/commons-lang3/3.9/commons-lang3-3.9.jar:/Users/sibusisoradebe/.m2/repository/commons-io/commons-io/2.6/commons-io-2.6.jar:/Users/sibusisoradebe/.m2/repository/org/aspectj/aspectjweaver/1.9.4/aspectjweaver-1.9.4.jar:/Users/sibusisoradebe/.m2/repository/org/slf4j/slf4j-api/1.7.26/slf4j-api-1.7.26.jar:/Users/sibusisoradebe/.m2/repository/io/cucumber/cucumber-core/6.8.1/cucumber-core-6.8.1.jar:/Users/sibusisoradebe/.m2/repository/io/cucumber/cucumber-gherkin/6.8.1/cucumber-gherkin-6.8.1.jar:/Users/sibusisoradebe/.m2/repository/io/cucumber/cucumber-gherkin-messages/6.8.1/cucumber-gherkin-messages-6.8.1.jar:/Users/sibusisoradebe/.m2/repository/io/cucumber/messages/13.1.0/messages-13.1.0.jar:/Users/sibusisoradebe/.m2/repository/io/cucumber/tag-expressions/3.0.0/tag-expressions-3.0.0.jar:/Users/sibusisoradebe/.m2/repository/io/cucumber/cucumber-expressions/10.3.0/cucumber-expressions-10.3.0.jar:/Users/sibusisoradebe/.m2/repository/io/cucumber/datatable/3.5.0/datatable-3.5.0.jar:/Users/sibusisoradebe/.m2/repository/io/cucumber/cucumber-plugin/6.8.1/cucumber-plugin-6.8.1.jar:/Users/sibusisoradebe/.m2/repository/io/cucumber/docstring/6.8.1/docstring-6.8.1.jar:/Users/sibusisoradebe/.m2/repository/io/cucumber/html-formatter/9.0.0/html-formatter-9.0.0.jar:/Users/sibusisoradebe/.m2/repository/io/cucumber/create-meta/2.0.2/create-meta-2.0.2.jar:/Users/sibusisoradebe/.m2/repository/org/apiguardian/apiguardian-api/1.1.0/apiguardian-api-1.1.0.jar:/Users/sibusisoradebe/.m2/repository/io/cucumber/cucumber-java/6.8.1/cucumber-java-6.8.1.jar:/Users/sibusisoradebe/.m2/repository/io/cucumber/cucumber-testng/6.8.1/cucumber-testng-6.8.1.jar:/Users/sibusisoradebe/.m2/repository/org/testng/testng/7.3.0/testng-7.3.0.jar:/Users/sibusisoradebe/.m2/repository/com/beust/jcommander/1.78/jcommander-1.78.jar:/Users/sibusisoradebe/.m2/repository/org/apache/ant/ant/1.10.3/ant-1.10.3.jar:/Users/sibusisoradebe/.m2/repository/org/apache/ant/ant-launcher/1.10.3/ant-launcher-1.10.3.jar:/Users/sibusisoradebe/.m2/repository/junit/junit/4.12/junit-4.12.jar:/Users/sibusisoradebe/.m2/repository/com/google/inject/guice/4.2.2/guice-4.2.2-no_aop.jar:/Users/sibusisoradebe/.m2/repository/aopalliance/aopalliance/1.0/aopalliance-1.0.jar:/Users/sibusisoradebe/.m2/repository/org/yaml/snakeyaml/1.21/snakeyaml-1.21.jar:/Users/sibusisoradebe/.m2/repository/org/hamcrest/java-hamcrest/2.0.0.0/java-hamcrest-2.0.0.0.jar:/Users/sibusisoradebe/.m2/repository/org/hamcrest/hamcrest-core/2.1/hamcrest-core-2.1.jar:/Users/sibusisoradebe/.m2/repository/org/hamcrest/hamcrest/2.1/hamcrest-2.1.jar:/Users/sibusisoradebe/.m2/repository/org/aeonbits/owner/owner/1.0.10/owner-1.0.10.jar:/Users/sibusisoradebe/.m2/repository/org/springframework/spring-core/5.2.9.RELEASE/spring-core-5.2.9.RELEASE.jar:/Users/sibusisoradebe/.m2/repository/org/springframework/spring-jcl/5.2.9.RELEASE/spring-jcl-5.2.9.RELEASE.jar:/Users/sibusisoradebe/.m2/repository/org/springframework/spring-context/5.2.9.RELEASE/spring-context-5.2.9.RELEASE.jar:/Users/sibusisoradebe/.m2/repository/org/springframework/spring-aop/5.2.9.RELEASE/spring-aop-5.2.9.RELEASE.jar:/Users/sibusisoradebe/.m2/repository/org/springframework/spring-beans/5.2.9.RELEASE/spring-beans-5.2.9.RELEASE.jar:/Users/sibusisoradebe/.m2/repository/org/springframework/spring-expression/5.2.9.RELEASE/spring-expression-5.2.9.RELEASE.jar:/Users/sibusisoradebe/.m2/repository/org/springframework/spring-test/5.2.9.RELEASE/spring-test-5.2.9.RELEASE.jar:/Users/sibusisoradebe/.m2/repository/org/springframework/spring-tx/5.2.9.RELEASE/spring-tx-5.2.9.RELEASE.jar:/Users/sibusisoradebe/.m2/repository/org/springframework/boot/spring-boot-autoconfigure/2.3.4.RELEASE/spring-boot-autoconfigure-2.3.4.RELEASE.jar:/Users/sibusisoradebe/.m2/repository/org/springframework/boot/spring-boot/2.3.4.RELEASE/spring-boot-2.3.4.RELEASE.jar:/Users/sibusisoradebe/.m2/repository/org/springframework/boot/spring-boot-starter-web/2.3.4.RELEASE/spring-boot-starter-web-2.3.4.RELEASE.jar:/Users/sibusisoradebe/.m2/repository/org/springframework/boot/spring-boot-starter/2.3.4.RELEASE/spring-boot-starter-2.3.4.RELEASE.jar:/Users/sibusisoradebe/.m2/repository/org/springframework/boot/spring-boot-starter-logging/2.3.4.RELEASE/spring-boot-starter-logging-2.3.4.RELEASE.jar:/Users/sibusisoradebe/.m2/repository/org/apache/logging/log4j/log4j-to-slf4j/2.13.3/log4j-to-slf4j-2.13.3.jar:/Users/sibusisoradebe/.m2/repository/org/apache/logging/log4j/log4j-api/2.13.3/log4j-api-2.13.3.jar:/Users/sibusisoradebe/.m2/repository/org/slf4j/jul-to-slf4j/1.7.30/jul-to-slf4j-1.7.30.jar:/Users/sibusisoradebe/.m2/repository/jakarta/annotation/jakarta.annotation-api/1.3.5/jakarta.annotation-api-1.3.5.jar:/Users/sibusisoradebe/.m2/repository/org/springframework/boot/spring-boot-starter-json/2.3.4.RELEASE/spring-boot-starter-json-2.3.4.RELEASE.jar:/Users/sibusisoradebe/.m2/repository/com/fasterxml/jackson/datatype/jackson-datatype-jdk8/2.11.2/jackson-datatype-jdk8-2.11.2.jar:/Users/sibusisoradebe/.m2/repository/com/fasterxml/jackson/datatype/jackson-datatype-jsr310/2.11.2/jackson-datatype-jsr310-2.11.2.jar:/Users/sibusisoradebe/.m2/repository/com/fasterxml/jackson/module/jackson-module-parameter-names/2.11.2/jackson-module-parameter-names-2.11.2.jar:/Users/sibusisoradebe/.m2/repository/org/springframework/boot/spring-boot-starter-tomcat/2.3.4.RELEASE/spring-boot-starter-tomcat-2.3.4.RELEASE.jar:/Users/sibusisoradebe/.m2/repository/org/apache/tomcat/embed/tomcat-embed-core/9.0.38/tomcat-embed-core-9.0.38.jar:/Users/sibusisoradebe/.m2/repository/org/glassfish/jakarta.el/3.0.3/jakarta.el-3.0.3.jar:/Users/sibusisoradebe/.m2/repository/org/apache/tomcat/embed/tomcat-embed-websocket/9.0.38/tomcat-embed-websocket-9.0.38.jar:/Users/sibusisoradebe/.m2/repository/org/springframework/spring-web/5.2.9.RELEASE/spring-web-5.2.9.RELEASE.jar:/Users/sibusisoradebe/.m2/repository/org/springframework/spring-webmvc/5.2.9.RELEASE/spring-webmvc-5.2.9.RELEASE.jar:/Users/sibusisoradebe/.m2/repository/javax/inject/javax.inject/1/javax.inject-1.jar:/Users/sibusisoradebe/.m2/repository/net/masterthought/cucumber-reporting/4.6.0/cucumber-reporting-4.6.0.jar:/Users/sibusisoradebe/.m2/repository/com/fasterxml/jackson/core/jackson-databind/2.9.8/jackson-databind-2.9.8.jar:/Users/sibusisoradebe/.m2/repository/com/fasterxml/jackson/core/jackson-annotations/2.9.0/jackson-annotations-2.9.0.jar:/Users/sibusisoradebe/.m2/repository/com/fasterxml/jackson/core/jackson-core/2.9.8/jackson-core-2.9.8.jar:/Users/sibusisoradebe/.m2/repository/org/apache/velocity/velocity/1.7/velocity-1.7.jar:/Users/sibusisoradebe/.m2/repository/commons-lang/commons-lang/2.4/commons-lang-2.4.jar:/Users/sibusisoradebe/.m2/repository/velocity-tools/velocity-tools/1.4/velocity-tools-1.4.jar:/Users/sibusisoradebe/.m2/repository/joda-time/joda-time/2.10.1/joda-time-2.10.1.jar:/Users/sibusisoradebe/.m2/repository/org/codehaus/plexus/plexus-utils/3.1.1/plexus-utils-3.1.1.jar:/Users/sibusisoradebe/.m2/repository/org/jsoup/jsoup/1.11.3/jsoup-1.11.3.jar:/Users/sibusisoradebe/.m2/repository/com/googlecode/owasp-java-html-sanitizer/owasp-java-html-sanitizer/20190325.1/owasp-java-html-sanitizer-20190325.1.jar:/Users/sibusisoradebe/.m2/repository/commons-configuration/commons-configuration/1.10/commons-configuration-1.10.jar:/Users/sibusisoradebe/.m2/repository/com/aventstack/extentreports-cucumber4-adapter/1.0.10/extentreports-cucumber4-adapter-1.0.10.jar:/Users/sibusisoradebe/.m2/repository/com/aventstack/extentreports/4.1.3/extentreports-4.1.3.jar:/Users/sibusisoradebe/.m2/repository/org/freemarker/freemarker/2.3.29/freemarker-2.3.29.jar:/Users/sibusisoradebe/.m2/repository/org/apache/httpcomponents/httpmime/4.5.2/httpmime-4.5.2.jar:/Users/sibusisoradebe/.m2/repository/org/mongodb/bson/3.12.0/bson-3.12.0.jar:/Users/sibusisoradebe/.m2/repository/com/aventstack/klov-reporter/5.0.0/klov-reporter-5.0.0.jar:/Users/sibusisoradebe/.m2/repository/ch/qos/logback/logback-classic/1.0.13/logback-classic-1.0.13.jar:/Users/sibusisoradebe/.m2/repository/ch/qos/logback/logback-core/1.0.13/logback-core-1.0.13.jar:/Users/sibusisoradebe/.m2/repository/org/mongodb/mongodb-driver/3.10.1/mongodb-driver-3.10.1.jar:/Users/sibusisoradebe/.m2/repository/org/mongodb/mongodb-driver-core/3.10.1/mongodb-driver-core-3.10.1.jar:"/>
    <property name="sun.cpu.endian" value="little"/>
    <property name="user.home" value="/Users/sibusisoradebe"/>
    <property name="user.language" value="en"/>
    <property name="java.specification.vendor" value="Oracle Corporation"/>
    <property name="java.version.date" value="2020-01-14"/>
    <property name="java.home" value="/Library/Java/JavaVirtualMachines/jdk-13.0.2.jdk/Contents/Home"/>
    <property name="testng.dtd.http" value="true"/>
    <property name="file.separator" value="/"/>
    <property name="basedir" value="/Users/sibusisoradebe/IdeaProjects/mobile-automation-framework"/>
    <property name="java.vm.compressedOopsMode" value="Zero based"/>
    <property name="line.separator" value="&#10;"/>
    <property name="java.vm.specification.vendor" value="Oracle Corporation"/>
    <property name="java.specification.name" value="Java Platform API Specification"/>
    <property name="surefire.real.class.path" value="/Users/sibusisoradebe/IdeaProjects/mobile-automation-framework/target/surefire/surefirebooter8615420486632742334.jar"/>
    <property name="sun.management.compiler" value="HotSpot 64-Bit Tiered Compilers"/>
    <property name="ftp.nonProxyHosts" value="local|*.local|169.254/16|*.169.254/16"/>
    <property name="java.runtime.version" value="13.0.2+8"/>
    <property name="user.name" value="sibusisoradebe"/>
    <property name="path.separator" value=":"/>
    <property name="os.version" value="10.15.7"/>
    <property name="java.runtime.name" value="Java(TM) SE Runtime Environment"/>
    <property name="file.encoding" value="UTF-8"/>
    <property name="java.vm.name" value="Java HotSpot(TM) 64-Bit Server VM"/>
    <property name="localRepository" value="/Users/sibusisoradebe/.m2/repository"/>
    <property name="configs.set" value="true"/>
    <property name="java.vendor.url.bug" value="https://bugreport.java.com/bugreport/"/>
    <property name="java.io.tmpdir" value="/var/folders/74/ljl60x9130xdhmvhrw178m700000gp/T/"/>
    <property name="java.version" value="13.0.2"/>
    <property name="user.dir" value="/Users/sibusisoradebe/IdeaProjects/mobile-automation-framework"/>
    <property name="os.arch" value="x86_64"/>
    <property name="java.vm.specification.name" value="Java Virtual Machine Specification"/>
    <property name="environment" value="uat"/>
    <property name="java.library.path" value="/Users/sibusisoradebe/Library/Java/Extensions:/Library/Java/Extensions:/Network/Library/Java/Extensions:/System/Library/Java/Extensions:/usr/lib/java:."/>
    <property name="java.vm.info" value="mixed mode, sharing"/>
    <property name="java.vendor" value="Oracle Corporation"/>
    <property name="java.vm.version" value="13.0.2+8"/>
    <property name="sun.io.unicode.encoding" value="UnicodeBig"/>
    <property name="socksNonProxyHosts" value="local|*.local|169.254/16|*.169.254/16"/>
    <property name="java.class.version" value="57.0"/>
  </properties>
  <testcase name="scenario" classname="starter.testing.ExecutionEngine" time="5.924"/>
  <testcase name="scenario" classname="starter.testing.ExecutionEngine" time="4.357"/>
  <testcase name="scenario" classname="starter.testing.ExecutionEngine" time="5.4">
    <failure message="&#10;Expected: is &quot;34&quot;&#10;     but: was &quot;24&quot;" type="java.lang.AssertionError"><![CDATA[java.lang.AssertionError: 

Expected: is "34"
     but: was "24"
]]></failure>
    <system-out><![CDATA[12:03:19.476 [TestNG-tests-1] DEBUG s.t.c.u.report.ExtentReportListener - Embedding device Pixel 2 API 28

@Dev
Scenario Outline: The user adds two numbers and computes a sum &amp#27;[90m# src/test/resources/features/ComputeSum.feature:15&amp#27;[0m
12:03:19.477 [TestNG-tests-1] DEBUG s.t.c.u.report.ExtentReportListener - Determine if will log hooks-before on the report hookStep is starter.testing.Hooks.beforeScenario(io.cucumber.java.Scenario)
12:03:19.477 [TestNG-tests-1] INFO  starter.testing.Hooks - ------------------------------
12:03:19.477 [TestNG-tests-1] INFO  starter.testing.Hooks - The user adds two numbers and computes a sum - Status - PASSED
12:03:19.477 [TestNG-tests-1] INFO  starter.testing.Hooks - ------------------------------
12:03:19.477 [TestNG-tests-1] DEBUG s.t.c.u.report.ExtentReportListener - Step finished event starter.testing.Hooks.beforeScenario(io.cucumber.java.Scenario)
12:03:19.477 [TestNG-tests-1] DEBUG s.t.c.u.report.ExtentReportListener - Logging hooks on the report stepName [The user is on the landing screen] stepKeyword [Given ]
12:03:19.477 [TestNG-tests-1] INFO  s.testing.core.AbstractBasePage - Creating page object [Page_ComputeSum] for sessionId [33109ce2-b428-4d34-a773-a091462c2ed8] and threadId [14]
12:03:19.522 [TestNG-tests-1] DEBUG s.t.c.u.report.ExtentReportListener - Step finished event starter.testing.tests.stepdefs.StepDef_LandingPage.theUserIsOnTheLandingScreen()
12:03:19.522 [TestNG-tests-1] DEBUG s.t.c.u.report.ExtentReportListener - Step finished with PASSED
  &amp#27;[32mGiven &amp#27;[0m&amp#27;[32mThe user is on the landing screen&amp#27;[0m                      &amp#27;[90m# starter.testing.tests.stepdefs.StepDef_LandingPage.theUserIsOnTheLandingScreen()&amp#27;[0m
12:03:19.523 [TestNG-tests-1] DEBUG s.t.c.u.report.ExtentReportListener - Determine if will log hooks-before on the report hookStep is starter.testing.Hooks.takeScreenshotAfterStep(io.cucumber.java.Scenario)
12:03:19.523 [TestNG-tests-1] INFO  starter.testing.Hooks - Taking screenshot...
12:03:19.814 [TestNG-tests-1] ERROR starter.testing.Hooks - Failed to take screenshot , null
12:03:19.815 [TestNG-tests-1] DEBUG s.t.c.u.report.ExtentReportListener - Step finished event starter.testing.Hooks.takeScreenshotAfterStep(io.cucumber.java.Scenario)
12:03:19.815 [TestNG-tests-1] DEBUG s.t.c.u.report.ExtentReportListener - Logging hooks on the report stepName [The user enters the first "14"] stepKeyword [And ]
12:03:19.815 [TestNG-tests-1] INFO  s.t.c.u.actions.GenericUserActions - Ready to input data : 14
12:03:19.815 [TestNG-tests-1] DEBUG s.t.c.u.actions.GenericUserActions - About to click on element Located by By.id: first_field
12:03:19.926 [TestNG-tests-1] DEBUG s.t.c.u.actions.GenericUserActions - Success clicking on element Located by By.id: first_field
12:03:19.926 [TestNG-tests-1] DEBUG s.t.c.u.actions.GenericUserActions - Sending keys to element Located by By.id: first_field
12:03:21.248 [TestNG-tests-1] INFO  s.t.c.u.actions.GenericUserActions - Input data complete : success
12:03:21.248 [TestNG-tests-1] DEBUG s.t.c.u.report.ExtentReportListener - Step finished event starter.testing.tests.stepdefs.StepDef_LandingPage.theUserEntersTheFirst(java.lang.String)
12:03:21.248 [TestNG-tests-1] DEBUG s.t.c.u.report.ExtentReportListener - Step finished with PASSED
  &amp#27;[32mAnd &amp#27;[0m&amp#27;[32mThe user enters the first &amp#27;[0m&amp#27;[32m&amp#27;[1m"14"&amp#27;[0m                           &amp#27;[90m# starter.testing.tests.stepdefs.StepDef_LandingPage.theUserEntersTheFirst(java.lang.String)&amp#27;[0m
12:03:21.248 [TestNG-tests-1] DEBUG s.t.c.u.report.ExtentReportListener - Determine if will log hooks-before on the report hookStep is starter.testing.Hooks.takeScreenshotAfterStep(io.cucumber.java.Scenario)
12:03:21.248 [TestNG-tests-1] INFO  starter.testing.Hooks - Taking screenshot...
12:03:21.562 [TestNG-tests-1] ERROR starter.testing.Hooks - Failed to take screenshot , null
12:03:21.563 [TestNG-tests-1] DEBUG s.t.c.u.report.ExtentReportListener - Step finished event starter.testing.Hooks.takeScreenshotAfterStep(io.cucumber.java.Scenario)
12:03:21.563 [TestNG-tests-1] DEBUG s.t.c.u.report.ExtentReportListener - Logging hooks on the report stepName [The user enters the second "10"] stepKeyword [And ]
12:03:21.563 [TestNG-tests-1] INFO  s.t.c.u.actions.GenericUserActions - Ready to input data : 10
12:03:21.563 [TestNG-tests-1] DEBUG s.t.c.u.actions.GenericUserActions - About to click on element Located by By.id: second_field
12:03:21.818 [TestNG-tests-1] DEBUG s.t.c.u.actions.GenericUserActions - Success clicking on element Located by By.id: second_field
12:03:21.818 [TestNG-tests-1] DEBUG s.t.c.u.actions.GenericUserActions - Sending keys to element Located by By.id: second_field
12:03:22.583 [TestNG-tests-1] INFO  s.t.c.u.actions.GenericUserActions - Input data complete : success
12:03:22.585 [TestNG-tests-1] DEBUG s.t.c.u.report.ExtentReportListener - Step finished event starter.testing.tests.stepdefs.StepDef_LandingPage.theUserEntersTheSecond(java.lang.String)
12:03:22.585 [TestNG-tests-1] DEBUG s.t.c.u.report.ExtentReportListener - Step finished with PASSED
  &amp#27;[32mAnd &amp#27;[0m&amp#27;[32mThe user enters the second &amp#27;[0m&amp#27;[32m&amp#27;[1m"10"&amp#27;[0m                          &amp#27;[90m# starter.testing.tests.stepdefs.StepDef_LandingPage.theUserEntersTheSecond(java.lang.String)&amp#27;[0m
12:03:22.586 [TestNG-tests-1] DEBUG s.t.c.u.report.ExtentReportListener - Determine if will log hooks-before on the report hookStep is starter.testing.Hooks.takeScreenshotAfterStep(io.cucumber.java.Scenario)
12:03:22.586 [TestNG-tests-1] INFO  starter.testing.Hooks - Taking screenshot...
12:03:23.218 [TestNG-tests-1] ERROR starter.testing.Hooks - Failed to take screenshot , null
12:03:23.218 [TestNG-tests-1] DEBUG s.t.c.u.report.ExtentReportListener - Step finished event starter.testing.Hooks.takeScreenshotAfterStep(io.cucumber.java.Scenario)
12:03:23.218 [TestNG-tests-1] DEBUG s.t.c.u.report.ExtentReportListener - Logging hooks on the report stepName [The user clicks the compute button] stepKeyword [And ]
12:03:23.219 [TestNG-tests-1] DEBUG s.t.c.u.actions.GenericUserActions - About to click on element Located by By.id: button_calculate
12:03:23.301 [TestNG-tests-1] DEBUG s.t.c.u.actions.GenericUserActions - Success clicking on element Located by By.id: button_calculate
12:03:23.302 [TestNG-tests-1] DEBUG s.t.c.u.report.ExtentReportListener - Step finished event starter.testing.tests.stepdefs.StepDef_LandingPage.theUserClicksTheComputeButton()
12:03:23.302 [TestNG-tests-1] DEBUG s.t.c.u.report.ExtentReportListener - Step finished with PASSED
  &amp#27;[32mAnd &amp#27;[0m&amp#27;[32mThe user clicks the compute button&amp#27;[0m                       &amp#27;[90m# starter.testing.tests.stepdefs.StepDef_LandingPage.theUserClicksTheComputeButton()&amp#27;[0m
12:03:23.302 [TestNG-tests-1] DEBUG s.t.c.u.report.ExtentReportListener - Determine if will log hooks-before on the report hookStep is starter.testing.Hooks.takeScreenshotAfterStep(io.cucumber.java.Scenario)
12:03:23.302 [TestNG-tests-1] INFO  starter.testing.Hooks - Taking screenshot...
12:03:23.913 [TestNG-tests-1] ERROR starter.testing.Hooks - Failed to take screenshot , null
12:03:23.913 [TestNG-tests-1] DEBUG s.t.c.u.report.ExtentReportListener - Step finished event starter.testing.Hooks.takeScreenshotAfterStep(io.cucumber.java.Scenario)
12:03:23.913 [TestNG-tests-1] DEBUG s.t.c.u.report.ExtentReportListener - Logging hooks on the report stepName [The sum is "34"] stepKeyword [Then ]
12:03:23.913 [TestNG-tests-1] INFO  s.t.c.u.actions.GenericUserActions - Validating object text
12:03:24.173 [TestNG-tests-1] INFO  s.t.c.u.actions.GenericUserActions - Element text is 24
12:03:24.232 [TestNG-tests-1] INFO  s.t.c.u.actions.GenericUserActions - Executing text compare Actual [24] Expecting [34]
12:03:24.235 [TestNG-tests-1] DEBUG s.t.c.u.report.ExtentReportListener - Step finished event starter.testing.tests.stepdefs.StepDef_LandingPage.theSumIs(java.lang.String)
12:03:24.235 [TestNG-tests-1] DEBUG s.t.c.u.report.ExtentReportListener - Step finished with FAILED
  &amp#27;[31mThen &amp#27;[0m&amp#27;[31mThe sum is &amp#27;[0m&amp#27;[31m&amp#27;[1m"34"&amp#27;[0m                                         &amp#27;[90m# starter.testing.tests.stepdefs.StepDef_LandingPage.theSumIs(java.lang.String)&amp#27;[0m
      &amp#27;[31mjava.lang.AssertionError: 
Expected: is "34"
     but: was "24"
	at org.hamcrest.MatcherAssert.assertThat(MatcherAssert.java:18)
	at org.hamcrest.MatcherAssert.assertThat(MatcherAssert.java:6)
	at starter.testing.core.util.actions.GenericUserActions.validateText(GenericUserActions.java:258)
	at starter.testing.core.util.actions.GenericUserActions.validateText(GenericUserActions.java:253)
	at starter.testing.tests.actions.ActionLandingPage.validateSum(ActionLandingPage.java:31)
	at starter.testing.tests.stepdefs.StepDef_LandingPage.theSumIs(StepDef_LandingPage.java:31)
	at ✽.The sum is "34"(file:///Users/sibusisoradebe/IdeaProjects/mobile-automation-framework/src/test/resources/features/ComputeSum.feature:10)
&amp#27;[0m
12:03:24.237 [TestNG-tests-1] DEBUG s.t.c.u.report.ExtentReportListener - Determine if will log hooks-before on the report hookStep is starter.testing.Hooks.takeScreenshotAfterStep(io.cucumber.java.Scenario)
12:03:24.237 [TestNG-tests-1] INFO  starter.testing.Hooks - Taking screenshot...
12:03:24.532 [TestNG-tests-1] ERROR starter.testing.Hooks - Failed to take screenshot , null
12:03:24.532 [TestNG-tests-1] DEBUG s.t.c.u.report.ExtentReportListener - Step finished event starter.testing.Hooks.takeScreenshotAfterStep(io.cucumber.java.Scenario)
12:03:24.532 [TestNG-tests-1] DEBUG s.t.c.u.report.ExtentReportListener - Determine if will log hooks-before on the report hookStep is starter.testing.Hooks.afterScenario(io.cucumber.java.Scenario)
12:03:24.532 [TestNG-tests-1] DEBUG s.t.c.u.report.ExtentReportListener - Logging hooks step io.cucumber.core.runner.HookTestStep@5c889c44
12:03:24.533 [TestNG-tests-1] INFO  starter.testing.Hooks - ------------------------------
12:03:24.533 [TestNG-tests-1] INFO  starter.testing.Hooks - The user adds two numbers and computes a sum - Status - FAILED
12:03:24.533 [TestNG-tests-1] INFO  starter.testing.Hooks - ------------------------------
12:03:24.533 [TestNG-tests-1] INFO  starter.testing.Hooks - Taking screenshot IF Test Failed
12:03:24.533 [TestNG-tests-1] INFO  starter.testing.Hooks - Taking screenshot...

    Embedding 711b57fcc93d4e78b94b652d3df94632.png [image/png 51640 bytes]

12:03:24.862 [TestNG-tests-1] INFO  starter.testing.Hooks - Quiting driver after scenario The user adds two numbers and computes a sum
12:03:24.863 [TestNG-tests-1] DEBUG s.t.c.u.report.ExtentReportListener - Step finished event starter.testing.Hooks.afterScenario(io.cucumber.java.Scenario)
12:03:24.863 [TestNG-tests-1] DEBUG s.t.c.u.report.ExtentReportListener - Step finished with PASSED
]]></system-out>
  </testcase>
  <testcase name="scenario" classname="starter.testing.ExecutionEngine" time="1.184">
    <failure message="&#10;Expected: is &quot;Welcome to NBK DVP&quot;&#10;     but: was &quot;Welcome to\nNBK DVP&quot;" type="java.lang.AssertionError"><![CDATA[java.lang.AssertionError: 

Expected: is "Welcome to NBK DVP"
     but: was "Welcome to\nNBK DVP"
]]></failure>
    <system-out><![CDATA[12:03:24.882 [TestNG-tests-1] DEBUG s.t.c.u.report.ExtentReportListener - Embedding device Pixel 2 API 28

@Dev
Scenario: Verify page title is correct      &amp#27;[90m# src/test/resources/features/ComputeSum.feature:17&amp#27;[0m
12:03:24.883 [TestNG-tests-1] DEBUG s.t.c.u.report.ExtentReportListener - Determine if will log hooks-before on the report hookStep is starter.testing.Hooks.beforeScenario(io.cucumber.java.Scenario)
12:03:24.883 [TestNG-tests-1] INFO  starter.testing.Hooks - ------------------------------
12:03:24.883 [TestNG-tests-1] INFO  starter.testing.Hooks - Verify page title is correct - Status - PASSED
12:03:24.883 [TestNG-tests-1] INFO  starter.testing.Hooks - ------------------------------
12:03:24.884 [TestNG-tests-1] DEBUG s.t.c.u.report.ExtentReportListener - Step finished event starter.testing.Hooks.beforeScenario(io.cucumber.java.Scenario)
12:03:24.884 [TestNG-tests-1] DEBUG s.t.c.u.report.ExtentReportListener - Logging hooks on the report stepName [The user is on the landing screen] stepKeyword [Given ]
12:03:24.884 [TestNG-tests-1] INFO  s.testing.core.AbstractBasePage - Creating page object [Page_ComputeSum] for sessionId [33109ce2-b428-4d34-a773-a091462c2ed8] and threadId [14]
12:03:24.936 [TestNG-tests-1] DEBUG s.t.c.u.report.ExtentReportListener - Step finished event starter.testing.tests.stepdefs.StepDef_LandingPage.theUserIsOnTheLandingScreen()
12:03:24.936 [TestNG-tests-1] DEBUG s.t.c.u.report.ExtentReportListener - Step finished with PASSED
  &amp#27;[32mGiven &amp#27;[0m&amp#27;[32mThe user is on the landing screen&amp#27;[0m   &amp#27;[90m# starter.testing.tests.stepdefs.StepDef_LandingPage.theUserIsOnTheLandingScreen()&amp#27;[0m
12:03:24.936 [TestNG-tests-1] DEBUG s.t.c.u.report.ExtentReportListener - Determine if will log hooks-before on the report hookStep is starter.testing.Hooks.takeScreenshotAfterStep(io.cucumber.java.Scenario)
12:03:24.937 [TestNG-tests-1] INFO  starter.testing.Hooks - Taking screenshot...
12:03:25.258 [TestNG-tests-1] ERROR starter.testing.Hooks - Failed to take screenshot , null
12:03:25.258 [TestNG-tests-1] DEBUG s.t.c.u.report.ExtentReportListener - Step finished event starter.testing.Hooks.takeScreenshotAfterStep(io.cucumber.java.Scenario)
12:03:25.258 [TestNG-tests-1] DEBUG s.t.c.u.report.ExtentReportListener - Logging hooks on the report stepName [The title reads "Welcome to NBK DVP"] stepKeyword [Then ]
12:03:25.259 [TestNG-tests-1] INFO  s.t.c.u.actions.GenericUserActions - Validating object text
12:03:25.356 [TestNG-tests-1] INFO  s.t.c.u.actions.GenericUserActions - Element text is Welcome to
NBK DVP
12:03:25.418 [TestNG-tests-1] INFO  s.t.c.u.actions.GenericUserActions - Executing text compare Actual [Welcome to
NBK DVP] Expecting [Welcome to NBK DVP]
12:03:25.419 [TestNG-tests-1] DEBUG s.t.c.u.report.ExtentReportListener - Step finished event starter.testing.tests.stepdefs.StepDef_LandingPage.theTitleReads(java.lang.String)
12:03:25.419 [TestNG-tests-1] DEBUG s.t.c.u.report.ExtentReportListener - Step finished with FAILED
  &amp#27;[31mThen &amp#27;[0m&amp#27;[31mThe title reads &amp#27;[0m&amp#27;[31m&amp#27;[1m"Welcome to NBK DVP"&amp#27;[0m &amp#27;[90m# starter.testing.tests.stepdefs.StepDef_LandingPage.theTitleReads(java.lang.String)&amp#27;[0m
      &amp#27;[31mjava.lang.AssertionError: 
Expected: is "Welcome to NBK DVP"
     but: was "Welcome to\nNBK DVP"
	at org.hamcrest.MatcherAssert.assertThat(MatcherAssert.java:18)
	at org.hamcrest.MatcherAssert.assertThat(MatcherAssert.java:6)
	at starter.testing.core.util.actions.GenericUserActions.validateText(GenericUserActions.java:258)
	at starter.testing.core.util.actions.GenericUserActions.validateText(GenericUserActions.java:253)
	at starter.testing.tests.actions.ActionLandingPage.validatePageTitle(ActionLandingPage.java:35)
	at starter.testing.tests.stepdefs.StepDef_LandingPage.theTitleReads(StepDef_LandingPage.java:45)
	at ✽.The title reads "Welcome to NBK DVP"(file:///Users/sibusisoradebe/IdeaProjects/mobile-automation-framework/src/test/resources/features/ComputeSum.feature:18)
&amp#27;[0m
12:03:25.425 [TestNG-tests-1] DEBUG s.t.c.u.report.ExtentReportListener - Determine if will log hooks-before on the report hookStep is starter.testing.Hooks.takeScreenshotAfterStep(io.cucumber.java.Scenario)
12:03:25.427 [TestNG-tests-1] INFO  starter.testing.Hooks - Taking screenshot...
12:03:25.738 [TestNG-tests-1] ERROR starter.testing.Hooks - Failed to take screenshot , null
12:03:25.738 [TestNG-tests-1] DEBUG s.t.c.u.report.ExtentReportListener - Step finished event starter.testing.Hooks.takeScreenshotAfterStep(io.cucumber.java.Scenario)
12:03:25.738 [TestNG-tests-1] DEBUG s.t.c.u.report.ExtentReportListener - Determine if will log hooks-before on the report hookStep is starter.testing.Hooks.afterScenario(io.cucumber.java.Scenario)
12:03:25.738 [TestNG-tests-1] DEBUG s.t.c.u.report.ExtentReportListener - Logging hooks step io.cucumber.core.runner.HookTestStep@2abc8862
12:03:25.738 [TestNG-tests-1] INFO  starter.testing.Hooks - ------------------------------
12:03:25.738 [TestNG-tests-1] INFO  starter.testing.Hooks - Verify page title is correct - Status - FAILED
12:03:25.738 [TestNG-tests-1] INFO  starter.testing.Hooks - ------------------------------
12:03:25.738 [TestNG-tests-1] INFO  starter.testing.Hooks - Taking screenshot IF Test Failed
12:03:25.738 [TestNG-tests-1] INFO  starter.testing.Hooks - Taking screenshot...

    Embedding 576ef42e6d2c4d798748f061f0130b29.png [image/png 51640 bytes]

12:03:26.058 [TestNG-tests-1] INFO  starter.testing.Hooks - Quiting driver after scenario Verify page title is correct
12:03:26.058 [TestNG-tests-1] DEBUG s.t.c.u.report.ExtentReportListener - Step finished event starter.testing.Hooks.afterScenario(io.cucumber.java.Scenario)
12:03:26.058 [TestNG-tests-1] DEBUG s.t.c.u.report.ExtentReportListener - Step finished with PASSED
]]></system-out>
  </testcase>
</testsuite>