<?xml version="1.0" encoding="UTF-8"?>
<!-- Generated by org.testng.reporters.JUnitReportReporter -->
<testsuite hostname="Digitals-MBP" failures="2" tests="4" name="starter.testing.ExecutionEngine" time="16.862" errors="0" timestamp="2020-12-09T12:03:29 AST" skipped="0">
  <testcase classname="starter.testing.ExecutionEngine" name="scenario" time="5.394">
    <failure message="
Expected: is &quot;34&quot;
     but: was &quot;24&quot;" type="java.lang.AssertionError">
      <![CDATA[java.lang.AssertionError: 
Expected: is "34"
     but: was "24"
at org.hamcrest.MatcherAssert.assertThat(MatcherAssert.java:18)
at org.hamcrest.MatcherAssert.assertThat(MatcherAssert.java:6)
at starter.testing.core.util.actions.GenericUserActions.validateText(GenericUserActions.java:258)
at starter.testing.core.util.actions.GenericUserActions.validateText(GenericUserActions.java:253)
at starter.testing.tests.actions.ActionLandingPage.validateSum(ActionLandingPage.java:31)
at starter.testing.tests.stepdefs.StepDef_LandingPage.theSumIs(StepDef_LandingPage.java:31)
at ✽.The sum is "34"(file:///Users/sibusisoradebe/IdeaProjects/mobile-automation-framework/src/test/resources/features/ComputeSum.feature:10)
]]>
    </failure>
  </testcase> <!-- scenario -->
  <system-out/>
  <testcase classname="starter.testing.ExecutionEngine" name="scenario" time="5.913"/>
  <system-out/>
  <testcase classname="starter.testing.ExecutionEngine" name="scenario" time="1.184">
    <failure message="
Expected: is &quot;Welcome to NBK DVP&quot;
     but: was &quot;Welcome to\nNBK DVP&quot;" type="java.lang.AssertionError">
      <![CDATA[java.lang.AssertionError: 
Expected: is "Welcome to NBK DVP"
     but: was "Welcome to\nNBK DVP"
at org.hamcrest.MatcherAssert.assertThat(MatcherAssert.java:18)
at org.hamcrest.MatcherAssert.assertThat(MatcherAssert.java:6)
at starter.testing.core.util.actions.GenericUserActions.validateText(GenericUserActions.java:258)
at starter.testing.core.util.actions.GenericUserActions.validateText(GenericUserActions.java:253)
at starter.testing.tests.actions.ActionLandingPage.validatePageTitle(ActionLandingPage.java:35)
at starter.testing.tests.stepdefs.StepDef_LandingPage.theTitleReads(StepDef_LandingPage.java:45)
at ✽.The title reads "Welcome to NBK DVP"(file:///Users/sibusisoradebe/IdeaProjects/mobile-automation-framework/src/test/resources/features/ComputeSum.feature:18)
]]>
    </failure>
  </testcase> <!-- scenario -->
  <system-out/>
  <testcase classname="starter.testing.ExecutionEngine" name="scenario" time="4.371"/>
  <system-out/>
</testsuite> <!-- starter.testing.ExecutionEngine -->
